<?xml version="1.0" encoding="UTF-8"?>
<testng-results ignored="0" total="1" passed="1" failed="0" skipped="0">
  <reporter-output>
  </reporter-output>
  <suite started-at="2022-10-03T09:43:16 IST" name="Default suite" finished-at="2022-10-03T09:43:16 IST" duration-ms="129">
    <groups>
    </groups>
    <test started-at="2022-10-03T09:43:16 IST" name="Default test" finished-at="2022-10-03T09:43:16 IST" duration-ms="129">
      <class name="Demo1.Demo2">
        <test-method signature="setup()[pri:0, instance:Demo1.Demo2@47e2e487]" started-at="2022-10-03T09:43:16 IST" name="setup" finished-at="2022-10-03T09:43:16 IST" duration-ms="31" status="PASS">
          <reporter-output>
          </reporter-output>
        </test-method> <!-- setup -->
      </class> <!-- Demo1.Demo2 -->
    </test> <!-- Default test -->
  </suite> <!-- Default suite -->
</testng-results>
